        -:    0:Source:C:/Users/Sigve Langva/CLionProjects/PG4400_V22_Knr1033/GameObject.h
        -:    0:Graph:C:\Users\Sigve Langva\CLionProjects\PG4400_V22_Knr1033\cmake-build-debug-coverage\CMakeFiles\PG4400_V22_Knr1033.dir\Background.cpp.gcno
        -:    0:Data:C:\Users\Sigve Langva\CLionProjects\PG4400_V22_Knr1033\cmake-build-debug-coverage\CMakeFiles\PG4400_V22_Knr1033.dir\Background.cpp.gcda
        -:    0:Runs:1
        -:    1://
        -:    2:// Created by Sigve Langva on 3/30/2022.
        -:    3://
        -:    4:
        -:    5:#ifndef PG4400_V22_KNR1033_GAMEOBJECT_H
        -:    6:#define PG4400_V22_KNR1033_GAMEOBJECT_H
        -:    7:
        -:    8:#include <SDL.h>
        -:    9:#include "TextureManager.h"
        -:   10:#include <iostream>
        -:   11:class GameObject {
        -:   12:public:
        -:   13:    GameObject(const char *texturesheet, int x, int y, SDL_Renderer *renderer, bool b);
        -:   14:    ~GameObject();
        -:   15:
        -:   16:    virtual void Update();
        -:   17:
        -:   18:    virtual void Render(SDL_Renderer *renderer);
        -:   19:
        -:   20:    int yVel = 0;
        -:   21:    int xVel = 0;
        -:   22:    void setXpos(int pos){
        -:   23:        xpos = pos;
        -:   24:    }
function _ZN10GameObject7setYposEi called 0 returned 0% blocks executed 0%
    #####:   25:    void setYpos(int pos){
    #####:   26:        ypos = pos;
    #####:   27:    }
function _ZN10GameObject4getYEv called 0 returned 0% blocks executed 0%
    #####:   28:    int getY(){
    #####:   29:        return ypos;
    %%%%%:   29-block  0
        -:   30:    }
        -:   31:    int getX(){
        -:   32:        return xpos;
        -:   33:    }
        -:   34:    void destroyGameObject();
        -:   35:    void setWidthHeight(int w, int h);
        -:   36:    int getWidth(){
        -:   37:        return width;
        -:   38:    }
        -:   39:    int getHeight(){
        -:   40:        return height;
        -:   41:    }
        -:   42:    bool isActive(){
        -:   43:        return active;
        -:   44:    }
        -:   45:    bool isBackground(){return background;}
        -:   46:    void setNotActive(){
        -:   47:        destroyGameObject();
        -:   48:        active = false;
        -:   49:    }
        -:   50:    void setID(int x){id = x;}
        -:   51:    int getID(){return id;}
        -:   52:private:
        -:   53:    int width = 32;
        -:   54:    int height = 32;
        -:   55:protected:
        -:   56:    bool background;
        -:   57:    bool active = true;
        -:   58:    SDL_Texture *objTexture;
        -:   59:    SDL_Rect srcRect, destRect;
        -:   60:    int xpos;
        -:   61:    int ypos;
        -:   62:    int id = 0;
        -:   63:
        -:   64:};
        -:   65:
        -:   66:
        -:   67:#endif //PG4400_V22_KNR1033_GAMEOBJECT_H
