        -:    0:Source:C:/Users/Sigve Langva/CLionProjects/PG4400_V22_Knr1033/Background.h
        -:    0:Graph:C:\Users\Sigve Langva\CLionProjects\PG4400_V22_Knr1033\cmake-build-debug-coverage\CMakeFiles\PG4400_V22_Knr1033.dir\Background.cpp.gcno
        -:    0:Data:C:\Users\Sigve Langva\CLionProjects\PG4400_V22_Knr1033\cmake-build-debug-coverage\CMakeFiles\PG4400_V22_Knr1033.dir\Background.cpp.gcda
        -:    0:Runs:1
        -:    1://
        -:    2:// Created by Sigve Langva on 4/6/2022.
        -:    3://
        -:    4:
        -:    5:#ifndef PG4400_V22_KNR1033_BACKGROUND_H
        -:    6:#define PG4400_V22_KNR1033_BACKGROUND_H
        -:    7:
        -:    8:
        -:    9:#include "GameObject.h"
        -:   10:
        -:   11:class Background : public GameObject {
        -:   12:public:
        -:   13:    Background(const char *texturesheet, int x, int y, SDL_Renderer *renderer, bool b);
function _ZN10Background6UpdateEv called 10356 returned 100% blocks executed 100%
    10356:   14:    void Update()override{
    10356:   15:        GameObject::Update();
    10356:   15-block  0
call    0 returned 10356
    10356:   16:        ypos+=yVel;
    10356:   17:        if (getY() >= 600) setYpos(-600);
call    0 returned 10356
branch  1 taken 17 (fallthrough)
branch  2 taken 10339
       17:   17-block  0
call    3 returned 17
    10356:   18:    }
        -:   19:
        -:   20:};
        -:   21:
        -:   22:
        -:   23:#endif //PG4400_V22_KNR1033_BACKGROUND_H
