        -:    0:Source:C:/Users/Sigve Langva/CLionProjects/PG4400_V22_Knr1033/Boss.h
        -:    0:Graph:C:\Users\Sigve Langva\CLionProjects\PG4400_V22_Knr1033\cmake-build-debug-coverage\CMakeFiles\PG4400_V22_Knr1033.dir\Boss.cpp.gcno
        -:    0:Data:C:\Users\Sigve Langva\CLionProjects\PG4400_V22_Knr1033\cmake-build-debug-coverage\CMakeFiles\PG4400_V22_Knr1033.dir\Boss.cpp.gcda
        -:    0:Runs:1
        -:    1://
        -:    2:// Created by Sigve Langva on 4/6/2022.
        -:    3://
        -:    4:
        -:    5:#ifndef PG4400_V22_KNR1033_BOSS_H
        -:    6:#define PG4400_V22_KNR1033_BOSS_H
        -:    7:
        -:    8:
        -:    9:#include "Enemy.h"
        -:   10:
        -:   11:
        -:   12:class Boss : public Enemy{
        -:   13:
        -:   14:public:
        -:   15:    void init(int x, int y);
        -:   16:    Boss(const char *texturesheet, int x, int y, int patternX, int patternY, int maxY, SDL_Renderer *renderer, bool b);
        -:   17:    bool hit(int x, int y)override;
        -:   18:    void Update()override;
        -:   19:    void Render(SDL_Renderer *renderer)override;
function _ZN4Boss11setIsActiveEv called 6 returned 100% blocks executed 100%
        6:   20:    void setIsActive(){
        6:   21:        active = true;
        6:   22:    }
        -:   23:
        -:   24:private:
        -:   25:    int health = 10;
        -:   26:    bool changed = false;
        -:   27:};
        -:   28:
        -:   29:
        -:   30:#endif //PG4400_V22_KNR1033_BOSS_H
