        -:    0:Source:C:/Users/Sigve Langva/CLionProjects/PG4400_V22_Knr1033/Direction.cpp
        -:    0:Graph:C:\Users\Sigve Langva\CLionProjects\PG4400_V22_Knr1033\cmake-build-debug-coverage\CMakeFiles\PG4400_V22_Knr1033.dir\Direction.cpp.gcno
        -:    0:Data:C:\Users\Sigve Langva\CLionProjects\PG4400_V22_Knr1033\cmake-build-debug-coverage\CMakeFiles\PG4400_V22_Knr1033.dir\Direction.cpp.gcda
        -:    0:Runs:1
        -:    1://
        -:    2:// Created by Sigve Langva on 3/31/2022.
        -:    3://
        -:    4:
        -:    5:#include "Direction.h"
        -:    6:
function _ZN9DirectionC2Eiii called 32 returned 100% blocks executed 100%
       32:    7:Direction::Direction(int x, int y, int maxY) : x(x), y(y), maxY(maxY){}
        -:    8:
function _ZNK9Direction4getXEv called 7781 returned 100% blocks executed 100%
     7781:    9:int Direction::getX() const {
     7781:   10:    return x;
     7781:   10-block  0
        -:   11:}
        -:   12:
function _ZN9Direction4setXEv called 7 returned 100% blocks executed 100%
        7:   13:void Direction::setX() {
        7:   14:    Direction::x *= -1;
        -:   15:
        7:   16:}
        -:   17:
function _ZNK9Direction4getYEv called 7774 returned 100% blocks executed 100%
     7774:   18:int Direction::getY() const {
     7774:   19:    return y;
     7774:   19-block  0
        -:   20:}
        -:   21:
function _ZN9Direction4setYEv called 0 returned 0% blocks executed 0%
    #####:   22:void Direction::setY() {
    #####:   23:    Direction::y *= -1;
    #####:   24:}
function _ZN9Direction8giveXvalEi called 12 returned 100% blocks executed 100%
       12:   25:void Direction::giveXval(int xV){
       12:   26:    x = xV;
       12:   27:}
function _ZN9Direction8giveYvalEi called 12 returned 100% blocks executed 100%
       12:   28:void Direction::giveYval(int yV){
       12:   29:    y = yV;
       12:   30:}
function _ZN9Direction7getMaxYEv called 6486 returned 100% blocks executed 100%
     6486:   31:int Direction::getMaxY() {
     6486:   32:    return maxY;
     6486:   32-block  0
        -:   33:}
        -:   34:
        -:   35:
        -:   36:
