        -:    0:Source:C:/Users/Sigve Langva/CLionProjects/PG4400_V22_Knr1033/Enemy.h
        -:    0:Graph:C:\Users\Sigve Langva\CLionProjects\PG4400_V22_Knr1033\cmake-build-debug-coverage\CMakeFiles\PG4400_V22_Knr1033.dir\Enemy.cpp.gcno
        -:    0:Data:C:\Users\Sigve Langva\CLionProjects\PG4400_V22_Knr1033\cmake-build-debug-coverage\CMakeFiles\PG4400_V22_Knr1033.dir\Enemy.cpp.gcda
        -:    0:Runs:1
        -:    1://
        -:    2:// Created by Sigve Langva on 3/31/2022.
        -:    3://
        -:    4:
        -:    5:#ifndef PG4400_V22_KNR1033_ENEMY_H
        -:    6:#define PG4400_V22_KNR1033_ENEMY_H
        -:    7:
        -:    8:#include <iostream>
        -:    9:#include "GameObject.h"
        -:   10:#include "Laser.h"
        -:   11:#include "Direction.h"
        -:   12:#include <vector>
        -:   13:#include <memory>
        -:   14:class Enemy : public GameObject{
        -:   15:public:
        -:   16:    //std::vector<std::shared_ptr<Direction>> patternVector;
        -:   17:
        -:   18:
        -:   19:    Enemy(const char *texturesheet, int x, int y, int patternX, int patternY, int maxY, SDL_Renderer *renderer, bool b);
        -:   20:
        -:   21:    Laser *shoot(SDL_Renderer *renderer);
        -:   22:
        -:   23:    bool isAlive(){return alive;}
        -:   24:    void Update() override;
        -:   25:    void Render(SDL_Renderer *renderer) override;
function _ZN5Enemy3hitEii called 1101 returned 100% blocks executed 100%
     1101:   26:    virtual bool hit(int x, int y){
     1101:   27:        if(x > xpos && x< xpos+(getWidth()*2) && y > ypos && y< ypos+(getHeight()*2)) {
     1101:   27-block  0
branch  0 taken 924 (fallthrough)
branch  1 taken 177
      924:   27-block  1
call    2 returned 924
branch  3 taken 196 (fallthrough)
branch  4 taken 728
      196:   27-block  2
branch  5 taken 196 (fallthrough)
branch  6 taken 0
      196:   27-block  3
call    7 returned 196
branch  8 taken 5 (fallthrough)
branch  9 taken 191
        5:   27-block  4
     1096:   27-block  5
     1101:   27-block  6
branch 10 taken 5 (fallthrough)
branch 11 taken 1096
        5:   28:            alive = false;
        5:   29:            return true;
        5:   29-block  0
        -:   30:        }
     1096:   31:        return false;
     1096:   31-block  0
        -:   32:    }
        -:   33:
        -:   34:    bool gunReady(){
        -:   35:        return canShoot;
        -:   36:    }
        -:   37:    void collide();
        -:   38:    void getDirection();
        -:   39:    int getShootCol() {return shootCool;}
        -:   40:    void setGunReady(){
        -:   41:        canShoot = true;
        -:   42:    }
        -:   43:protected:
        -:   44:    int shootCool = 0;
        -:   45:
        -:   46:    std::shared_ptr<Direction> a;
        -:   47:private:
        -:   48:    bool canShoot = true;
        -:   49:
        -:   50:    bool alive = true;
        -:   51:    int pY;
        -:   52:    int pX;
        -:   53:    int mY;
        -:   54:
        -:   55:};
        -:   56:
        -:   57:
        -:   58:#endif //PG4400_V22_KNR1033_ENEMY_H
