        -:    0:Source:C:/Users/Sigve Langva/CLionProjects/PG4400_V22_Knr1033/Enemy.cpp
        -:    0:Graph:C:\Users\Sigve Langva\CLionProjects\PG4400_V22_Knr1033\cmake-build-debug-coverage\CMakeFiles\PG4400_V22_Knr1033.dir\Enemy.cpp.gcno
        -:    0:Data:C:\Users\Sigve Langva\CLionProjects\PG4400_V22_Knr1033\cmake-build-debug-coverage\CMakeFiles\PG4400_V22_Knr1033.dir\Enemy.cpp.gcda
        -:    0:Runs:1
        -:    1://
        -:    2:// Created by Sigve Langva on 3/31/2022.
        -:    3://
        -:    4:
        -:    5:#include "Enemy.h"
        -:    6:
function _ZN5EnemyC2EPKciiiiiP12SDL_Rendererb called 26 returned 100% blocks executed 62%
       26:    7:Enemy::Enemy(const char *texturesheet, int x, int y, int patternX, int patternY, int maxY, SDL_Renderer *renderer, bool b) :
       26:    8:GameObject(texturesheet, x, y, renderer, b), pX(patternX), pY(patternY), mY(maxY){getDirection();}
       26:    8-block  0
call    0 returned 26
call    1 returned 26
call    2 returned 26
branch  3 taken 26 (fallthrough)
branch  4 taken 0 (throw)
       26:    8-block  1
    $$$$$:    8-block  2
call    5 never executed
    $$$$$:    8-block  3
call    6 never executed
        -:    9:
function _ZN5Enemy6UpdateEv called 7774 returned 100% blocks executed 100%
     7774:   10:void Enemy::Update() {
     7774:   11:    GameObject::Update();
     7774:   11-block  0
call    0 returned 7774
     7774:   12:    xpos += xVel;
     7774:   13:    ypos += yVel;
     7774:   14:    if (xpos <= 0 || xpos >= 800 - getWidth()*2) {
branch  0 taken 7771 (fallthrough)
branch  1 taken 3
     7771:   14-block  0
call    2 returned 7771
branch  3 taken 4 (fallthrough)
branch  4 taken 7767
        7:   14-block  1
     7767:   14-block  2
     7774:   14-block  3
branch  5 taken 7 (fallthrough)
branch  6 taken 7767
        7:   15:        a->setX();
        7:   15-block  0
call    0 returned 7
call    1 returned 7
        7:   16:        a->getX();
call    0 returned 7
call    1 returned 7
        -:   17:    }
        -:   18:
     7774:   19:    yVel = a->getY();
     7774:   19-block  0
call    0 returned 7774
call    1 returned 7774
     7774:   20:    xVel = a->getX();
call    0 returned 7774
call    1 returned 7774
     7774:   21:    if (shootCool <= 1) canShoot = true;
branch  0 taken 102 (fallthrough)
branch  1 taken 7672
      102:   21-block  0
     7672:   22:    else canShoot = false;
     7672:   22-block  0
     7774:   23:    shootCool--;
     7774:   24:    if (shootCool <= 0) shootCool = 75;
     7774:   24-block  0
branch  0 taken 102 (fallthrough)
branch  1 taken 7672
      102:   24-block  1
        -:   25:
     7774:   26:}
        -:   27:
function _ZN5Enemy12getDirectionEv called 32 returned 100% blocks executed 100%
       32:   28:void Enemy::getDirection() {
       32:   29:    auto test = std::make_shared<Direction>(pX, pY, mY);
       32:   29-block  0
call    0 returned 32
branch  1 taken 32 (fallthrough)
branch  2 taken 0 (throw)
       32:   30:    a = test;
       32:   30-block  0
call    0 returned 32
       32:   31:}
call    0 returned 32
        -:   32:
function _ZN5Enemy6RenderEP12SDL_Renderer called 1282 returned 100% blocks executed 100%
     1282:   33:void Enemy::Render(SDL_Renderer *renderer) {
     1282:   34:    SDL_RenderCopyEx(renderer, objTexture, NULL, &destRect, 0.0, NULL, SDL_FLIP_VERTICAL);
     1282:   34-block  0
call    0 returned 1282
        -:   35:
     1282:   36:}
        -:   37:
        -:   38:
        -:   39:
