        -:    0:Source:C:/Users/Sigve Langva/CLionProjects/PG4400_V22_Knr1033/Laser.h
        -:    0:Graph:C:\Users\Sigve Langva\CLionProjects\PG4400_V22_Knr1033\cmake-build-debug-coverage\CMakeFiles\PG4400_V22_Knr1033.dir\HandleEvents.cpp.gcno
        -:    0:Data:C:\Users\Sigve Langva\CLionProjects\PG4400_V22_Knr1033\cmake-build-debug-coverage\CMakeFiles\PG4400_V22_Knr1033.dir\HandleEvents.cpp.gcda
        -:    0:Runs:1
        -:    1://
        -:    2:// Created by Sigve Langva on 3/31/2022.
        -:    3://
        -:    4:
        -:    5:#ifndef PG4400_V22_KNR1033_LASER_H
        -:    6:#define PG4400_V22_KNR1033_LASER_H
        -:    7:
        -:    8:#include <SDL.h>
        -:    9:#include "GameObject.h"
        -:   10:#include <iostream>
        -:   11:class Laser : public GameObject{
        -:   12:
        -:   13:
        -:   14:public:
        -:   15:    Laser(const char *texturesheet, int x, int y, bool enemy, SDL_Renderer *renderer, bool b);
function _ZN5Laser7isEnemyEv called 39155 returned 100% blocks executed 100%
    39155:   16:    bool isEnemy(){return enemy;}
    39155:   16-block  0
        -:   17:    bool collision();
        -:   18:    void outOfMap();
        -:   19:    void Update() override;
        -:   20:    void Render(SDL_Renderer *renderer) override;
        -:   21:    void canDelete(){
        -:   22:        canDel = true;
        -:   23:    }
        -:   24:private:
        -:   25:    bool enemy;
        -:   26:    bool canDel = false;
        -:   27:
        -:   28:};
        -:   29:
        -:   30:
        -:   31:#endif //PG4400_V22_KNR1033_LASER_H
