        -:    0:Source:C:/Users/Sigve Langva/CLionProjects/PG4400_V22_Knr1033/Player.h
        -:    0:Graph:C:\Users\Sigve Langva\CLionProjects\PG4400_V22_Knr1033\cmake-build-debug-coverage\CMakeFiles\PG4400_V22_Knr1033.dir\HandleEvents.cpp.gcno
        -:    0:Data:C:\Users\Sigve Langva\CLionProjects\PG4400_V22_Knr1033\cmake-build-debug-coverage\CMakeFiles\PG4400_V22_Knr1033.dir\HandleEvents.cpp.gcda
        -:    0:Runs:1
        -:    1://
        -:    2:// Created by Sigve Langva on 3/30/2022.
        -:    3://
        -:    4:
        -:    5:#ifndef PG4400_V22_KNR1033_PLAYER_H
        -:    6:#define PG4400_V22_KNR1033_PLAYER_H
        -:    7:
        -:    8:
        -:    9:#include "GameObject.h"
        -:   10:#include "Laser.h"
        -:   11:
        -:   12:class Player : public GameObject{
        -:   13:public:
        -:   14:    Player(const char *texturesheet, int i, int i1, SDL_Renderer *renderer, bool b);
        -:   15:
        -:   16:
function _ZN6Player3hitEii called 14187 returned 100% blocks executed 100%
    14187:   17:    bool hit(int x, int y){
    14187:   18:        if(x > xpos && x< xpos+(getWidth()*2) && y > ypos && y< ypos+(getHeight()*2)) {
    14187:   18-block  0
branch  0 taken 4572 (fallthrough)
branch  1 taken 9615
     4572:   18-block  1
call    2 returned 4572
branch  3 taken 342 (fallthrough)
branch  4 taken 4230
      342:   18-block  2
branch  5 taken 1 (fallthrough)
branch  6 taken 341
        1:   18-block  3
call    7 returned 1
branch  8 taken 1 (fallthrough)
branch  9 taken 0
        1:   18-block  4
    14186:   18-block  5
    14187:   18-block  6
branch 10 taken 1 (fallthrough)
branch 11 taken 14186
        1:   19:            std::cout << "In\n";
        1:   19-block  0
call    0 returned 1
        1:   20:            alive = false;
        1:   21:            return true;
        -:   22:        }
    14186:   23:        return false;
    14186:   23-block  0
        -:   24:    }
        -:   25:    bool isAlive(){return alive;}
        -:   26:    void Update() override;
        -:   27:    void Render(SDL_Renderer *renderer) override;
        -:   28:
        -:   29:private:
        -:   30:    bool alive = true;
        -:   31:    int cannon = 1;
        -:   32:    bool up = true;
        -:   33:    int destNr = 1;
        -:   34:    int check = 0;
        -:   35:    int counter = 10;
        -:   36:};
        -:   37:
        -:   38:
        -:   39:#endif //PG4400_V22_KNR1033_PLAYER_H
