        -:    0:Source:C:/Users/Sigve Langva/CLionProjects/PG4400_V22_Knr1033/Laser.cpp
        -:    0:Graph:C:\Users\Sigve Langva\CLionProjects\PG4400_V22_Knr1033\cmake-build-debug-coverage\CMakeFiles\PG4400_V22_Knr1033.dir\Laser.cpp.gcno
        -:    0:Data:C:\Users\Sigve Langva\CLionProjects\PG4400_V22_Knr1033\cmake-build-debug-coverage\CMakeFiles\PG4400_V22_Knr1033.dir\Laser.cpp.gcda
        -:    0:Runs:1
        -:    1://
        -:    2:// Created by Sigve Langva on 3/31/2022.
        -:    3://
        -:    4:
        -:    5:#include "Laser.h"
        -:    6:
function _ZN5LaserC2EPKciibP12SDL_Rendererb called 252 returned 100% blocks executed 80%
      252:    7:Laser::Laser(const char *texturesheet, int x, int y, bool enemy, SDL_Renderer *renderer, bool b) : GameObject(texturesheet, x, y, renderer, b), enemy(enemy) { setWidthHeight(1, 10);}
      252:    7-block  0
call    0 returned 252
call    1 returned 252
branch  2 taken 252 (fallthrough)
branch  3 taken 0 (throw)
      252:    7-block  1
    $$$$$:    7-block  2
call    4 never executed
        -:    8:
function _ZN5Laser6UpdateEv called 24720 returned 100% blocks executed 86%
    24720:    9:void Laser::Update() {
    24720:   10:    GameObject::Update();
    24720:   10-block  0
call    0 returned 24720
    24720:   11:    if (enemy) ypos += 5;
branch  0 taken 14185 (fallthrough)
branch  1 taken 10535
    14185:   11-block  0
    10535:   12:    else ypos-= 5;
    10535:   12-block  0
   24720*:   13:    if(canDel) outOfMap();
    24720:   13-block  0
branch  0 taken 0 (fallthrough)
branch  1 taken 24720
    %%%%%:   13-block  1
call    2 never executed
    24720:   14:}
        -:   15:
function _ZN5Laser9collisionEv called 0 returned 0% blocks executed 0%
    #####:   16:bool Laser::collision() {
    #####:   17:    return canDel;
    %%%%%:   17-block  0
        -:   18:}
        -:   19:
function _ZN5Laser8outOfMapEv called 0 returned 0% blocks executed 0%
    #####:   20:void Laser::outOfMap() {
    #####:   21:    destroyGameObject();
    %%%%%:   21-block  0
call    0 never executed
    #####:   22:    std::cout << "GameObject destroyed\n";
call    0 never executed
    #####:   23:}
        -:   24:
function _ZN5Laser6RenderEP12SDL_Renderer called 24720 returned 100% blocks executed 100%
    24720:   25:void Laser::Render(SDL_Renderer *renderer) {
    24720:   26:    GameObject::Render(renderer);
    24720:   26-block  0
call    0 returned 24720
    24720:   27:}
        -:   28:
        -:   29:
