        -:    0:Source:C:/Users/Sigve Langva/CLionProjects/PG4400_V22_Knr1033/Enemy.h
        -:    0:Graph:C:\Users\Sigve Langva\CLionProjects\PG4400_V22_Knr1033\cmake-build-debug-coverage\CMakeFiles\PG4400_V22_Knr1033.dir\Manager.cpp.gcno
        -:    0:Data:C:\Users\Sigve Langva\CLionProjects\PG4400_V22_Knr1033\cmake-build-debug-coverage\CMakeFiles\PG4400_V22_Knr1033.dir\Manager.cpp.gcda
        -:    0:Runs:1
        -:    1://
        -:    2:// Created by Sigve Langva on 3/31/2022.
        -:    3://
        -:    4:
        -:    5:#ifndef PG4400_V22_KNR1033_ENEMY_H
        -:    6:#define PG4400_V22_KNR1033_ENEMY_H
        -:    7:
        -:    8:#include <iostream>
        -:    9:#include "GameObject.h"
        -:   10:#include "Laser.h"
        -:   11:#include "Direction.h"
        -:   12:#include <vector>
        -:   13:#include <memory>
        -:   14:class Enemy : public GameObject{
        -:   15:public:
        -:   16:    //std::vector<std::shared_ptr<Direction>> patternVector;
        -:   17:
        -:   18:
        -:   19:    Enemy(const char *texturesheet, int x, int y, int patternX, int patternY, int maxY, SDL_Renderer *renderer, bool b);
        -:   20:
        -:   21:    Laser *shoot(SDL_Renderer *renderer);
        -:   22:
        -:   23:    bool isAlive(){return alive;}
        -:   24:    void Update() override;
        -:   25:    void Render(SDL_Renderer *renderer) override;
        -:   26:    virtual bool hit(int x, int y){
        -:   27:        if(x > xpos && x< xpos+(getWidth()*2) && y > ypos && y< ypos+(getHeight()*2)) {
        -:   28:            alive = false;
        -:   29:            return true;
        -:   30:        }
        -:   31:        return false;
        -:   32:    }
        -:   33:
function _ZN5Enemy8gunReadyEv called 4297 returned 100% blocks executed 100%
     4297:   34:    bool gunReady(){
     4297:   35:        return canShoot;
     4297:   35-block  0
        -:   36:    }
        -:   37:    void collide();
        -:   38:    void getDirection();
        -:   39:    int getShootCol() {return shootCool;}
        -:   40:    void setGunReady(){
        -:   41:        canShoot = true;
        -:   42:    }
        -:   43:protected:
        -:   44:    int shootCool = 0;
        -:   45:
        -:   46:    std::shared_ptr<Direction> a;
        -:   47:private:
        -:   48:    bool canShoot = true;
        -:   49:
        -:   50:    bool alive = true;
        -:   51:    int pY;
        -:   52:    int pX;
        -:   53:    int mY;
        -:   54:
        -:   55:};
        -:   56:
        -:   57:
        -:   58:#endif //PG4400_V22_KNR1033_ENEMY_H
