        -:    0:Source:C:/Users/Sigve Langva/CLionProjects/PG4400_V22_Knr1033/GameObject.h
        -:    0:Graph:C:\Users\Sigve Langva\CLionProjects\PG4400_V22_Knr1033\cmake-build-debug-coverage\CMakeFiles\PG4400_V22_Knr1033.dir\Player.cpp.gcno
        -:    0:Data:C:\Users\Sigve Langva\CLionProjects\PG4400_V22_Knr1033\cmake-build-debug-coverage\CMakeFiles\PG4400_V22_Knr1033.dir\Player.cpp.gcda
        -:    0:Runs:1
        -:    1://
        -:    2:// Created by Sigve Langva on 3/30/2022.
        -:    3://
        -:    4:
        -:    5:#ifndef PG4400_V22_KNR1033_GAMEOBJECT_H
        -:    6:#define PG4400_V22_KNR1033_GAMEOBJECT_H
        -:    7:
        -:    8:#include <SDL.h>
        -:    9:#include "TextureManager.h"
        -:   10:#include <iostream>
        -:   11:class GameObject {
        -:   12:public:
        -:   13:    GameObject(const char *texturesheet, int x, int y, SDL_Renderer *renderer, bool b);
        -:   14:    ~GameObject();
        -:   15:
        -:   16:    virtual void Update();
        -:   17:
        -:   18:    virtual void Render(SDL_Renderer *renderer);
        -:   19:
        -:   20:    int yVel = 0;
        -:   21:    int xVel = 0;
function _ZN10GameObject7setXposEi called 8 returned 100% blocks executed 100%
        8:   22:    void setXpos(int pos){
        8:   23:        xpos = pos;
        8:   24:    }
function _ZN10GameObject7setYposEi called 50 returned 100% blocks executed 100%
       50:   25:    void setYpos(int pos){
       50:   26:        ypos = pos;
       50:   27:    }
        -:   28:    int getY(){
        -:   29:        return ypos;
        -:   30:    }
        -:   31:    int getX(){
        -:   32:        return xpos;
        -:   33:    }
        -:   34:    void destroyGameObject();
        -:   35:    void setWidthHeight(int w, int h);
function _ZN10GameObject8getWidthEv called 24523 returned 100% blocks executed 100%
    24523:   36:    int getWidth(){
    24523:   37:        return width;
    24523:   37-block  0
        -:   38:    }
function _ZN10GameObject9getHeightEv called 8750 returned 100% blocks executed 100%
     8750:   39:    int getHeight(){
     8750:   40:        return height;
     8750:   40-block  0
        -:   41:    }
        -:   42:    bool isActive(){
        -:   43:        return active;
        -:   44:    }
        -:   45:    bool isBackground(){return background;}
        -:   46:    void setNotActive(){
        -:   47:        destroyGameObject();
        -:   48:        active = false;
        -:   49:    }
        -:   50:    void setID(int x){id = x;}
        -:   51:    int getID(){return id;}
        -:   52:private:
        -:   53:    int width = 32;
        -:   54:    int height = 32;
        -:   55:protected:
        -:   56:    bool background;
        -:   57:    bool active = true;
        -:   58:    SDL_Texture *objTexture;
        -:   59:    SDL_Rect srcRect, destRect;
        -:   60:    int xpos;
        -:   61:    int ypos;
        -:   62:    int id = 0;
        -:   63:
        -:   64:};
        -:   65:
        -:   66:
        -:   67:#endif //PG4400_V22_KNR1033_GAMEOBJECT_H
